# JRE version: Java(TM) SE Runtime Environment (8.0_121-b13) (build 1.8.0_121-b13)
# Java VM: Java HotSpot(TM) 64-Bit Server VM (25.121-b13 mixed mode windows-amd64 compressed oops)
Heap:
 PSYoungGen      total 152064K, used 116253K [0x00000000d5e00000, 0x00000000e9700000, 0x0000000100000000)
  eden space 133120K, 73% used [0x00000000d5e00000,0x00000000dbd0aad0,0x00000000de000000)
  from space 18944K, 99% used [0x00000000de000000,0x00000000df27c9a0,0x00000000df280000)
  to   space 27136K, 0% used [0x00000000e7c80000,0x00000000e7c80000,0x00000000e9700000)
 ParOldGen       total 87552K, used 55583K [0x0000000081a00000, 0x0000000086f80000, 0x00000000d5e00000)
  object space 87552K, 63% used [0x0000000081a00000,0x0000000085047d68,0x0000000086f80000)
 Metaspace       used 20834K, capacity 21089K, committed 21296K, reserved 1069056K
  class space    used 2012K, capacity 2122K, committed 2176K, reserved 1048576K
GC Heap History (10 events):
Event: 13.767 GC heap before
{Heap before GC invocations=3 (full 0):
 PSYoungGen      total 38400K, used 38372K [0x00000000d5e00000, 0x00000000da900000, 0x0000000100000000)
  eden space 33280K, 100% used [0x00000000d5e00000,0x00000000d7e80000,0x00000000d7e80000)
  from space 5120K, 99% used [0x00000000d8380000,0x00000000d8879278,0x00000000d8880000)
  to   space 5120K, 0% used [0x00000000d7e80000,0x00000000d7e80000,0x00000000d8380000)
 ParOldGen       total 87552K, used 13325K [0x0000000081a00000, 0x0000000086f80000, 0x00000000d5e00000)
  object space 87552K, 15% used [0x0000000081a00000,0x0000000082703468,0x0000000086f80000)
 Metaspace       used 6986K, capacity 7142K, committed 7168K, reserved 1056768K
  class space    used 705K, capacity 761K, committed 768K, reserved 1048576K
Event: 13.785 GC heap after
Heap after GC invocations=3 (full 0):
 PSYoungGen      total 38400K, used 5094K [0x00000000d5e00000, 0x00000000da900000, 0x0000000100000000)
  eden space 33280K, 0% used [0x00000000d5e00000,0x00000000d5e00000,0x00000000d7e80000)
  from space 5120K, 99% used [0x00000000d7e80000,0x00000000d8379bb8,0x00000000d8380000)
  to   space 5120K, 0% used [0x00000000da400000,0x00000000da400000,0x00000000da900000)
 ParOldGen       total 87552K, used 23693K [0x0000000081a00000, 0x0000000086f80000, 0x00000000d5e00000)
  object space 87552K, 27% used [0x0000000081a00000,0x0000000083123468,0x0000000086f80000)
 Metaspace       used 6986K, capacity 7142K, committed 7168K, reserved 1056768K
  class space    used 705K, capacity 761K, committed 768K, reserved 1048576K
}
Event: 13.823 GC heap before
{Heap before GC invocations=4 (full 0):
 PSYoungGen      total 38400K, used 38374K [0x00000000d5e00000, 0x00000000da900000, 0x0000000100000000)
  eden space 33280K, 100% used [0x00000000d5e00000,0x00000000d7e80000,0x00000000d7e80000)
  from space 5120K, 99% used [0x00000000d7e80000,0x00000000d8379bb8,0x00000000d8380000)
  to   space 5120K, 0% used [0x00000000da400000,0x00000000da400000,0x00000000da900000)
 ParOldGen       total 87552K, used 23693K [0x0000000081a00000, 0x0000000086f80000, 0x00000000d5e00000)
  object space 87552K, 27% used [0x0000000081a00000,0x0000000083123468,0x0000000086f80000)
 Metaspace       used 6986K, capacity 7142K, committed 7168K, reserved 1056768K
  class space    used 705K, capacity 761K, committed 768K, reserved 1048576K
Event: 13.843 GC heap after
Heap after GC invocations=4 (full 0):
 PSYoungGen      total 71680K, used 5106K [0x00000000d5e00000, 0x00000000da900000, 0x0000000100000000)
  eden space 66560K, 0% used [0x00000000d5e00000,0x00000000d5e00000,0x00000000d9f00000)
  from space 5120K, 99% used [0x00000000da400000,0x00000000da8fc990,0x00000000da900000)
  to   space 5120K, 0% used [0x00000000d9f00000,0x00000000d9f00000,0x00000000da400000)
 ParOldGen       total 87552K, used 34045K [0x0000000081a00000, 0x0000000086f80000, 0x00000000d5e00000)
  object space 87552K, 38% used [0x0000000081a00000,0x0000000083b3f468,0x0000000086f80000)
 Metaspace       used 6986K, capacity 7142K, committed 7168K, reserved 1056768K
  class space    used 705K, capacity 761K, committed 768K, reserved 1048576K
}
Event: 14.133 GC heap before
{Heap before GC invocations=5 (full 0):
 PSYoungGen      total 71680K, used 71666K [0x00000000d5e00000, 0x00000000da900000, 0x0000000100000000)
  eden space 66560K, 100% used [0x00000000d5e00000,0x00000000d9f00000,0x00000000d9f00000)
  from space 5120K, 99% used [0x00000000da400000,0x00000000da8fc990,0x00000000da900000)
  to   space 5120K, 0% used [0x00000000d9f00000,0x00000000d9f00000,0x00000000da400000)
 ParOldGen       total 87552K, used 34045K [0x0000000081a00000, 0x0000000086f80000, 0x00000000d5e00000)
  object space 87552K, 38% used [0x0000000081a00000,0x0000000083b3f468,0x0000000086f80000)
 Metaspace       used 7061K, capacity 7238K, committed 7552K, reserved 1056768K
  class space    used 710K, capacity 793K, committed 896K, reserved 1048576K
Event: 14.169 GC heap after
Heap after GC invocations=5 (full 0):
 PSYoungGen      total 71680K, used 5120K [0x00000000d5e00000, 0x00000000e0600000, 0x0000000100000000)
  eden space 66560K, 0% used [0x00000000d5e00000,0x00000000d5e00000,0x00000000d9f00000)
  from space 5120K, 100% used [0x00000000d9f00000,0x00000000da400000,0x00000000da400000)
  to   space 19456K, 0% used [0x00000000df300000,0x00000000df300000,0x00000000e0600000)
 ParOldGen       total 87552K, used 43806K [0x0000000081a00000, 0x0000000086f80000, 0x00000000d5e00000)
  object space 87552K, 50% used [0x0000000081a00000,0x00000000844c7a80,0x0000000086f80000)
 Metaspace       used 7061K, capacity 7238K, committed 7552K, reserved 1056768K
  class space    used 710K, capacity 793K, committed 896K, reserved 1048576K
}
Event: 14.363 GC heap before
{Heap before GC invocations=6 (full 0):
 PSYoungGen      total 71680K, used 71680K [0x00000000d5e00000, 0x00000000e0600000, 0x0000000100000000)
  eden space 66560K, 100% used [0x00000000d5e00000,0x00000000d9f00000,0x00000000d9f00000)
  from space 5120K, 100% used [0x00000000d9f00000,0x00000000da400000,0x00000000da400000)
  to   space 19456K, 0% used [0x00000000df300000,0x00000000df300000,0x00000000e0600000)
 ParOldGen       total 87552K, used 43806K [0x0000000081a00000, 0x0000000086f80000, 0x00000000d5e00000)
  object space 87552K, 50% used [0x0000000081a00000,0x00000000844c7a80,0x0000000086f80000)
 Metaspace       used 7075K, capacity 7238K, committed 7552K, reserved 1056768K
  class space    used 711K, capacity 793K, committed 896K, reserved 1048576K
Event: 14.428 GC heap after
Heap after GC invocations=6 (full 0):
 PSYoungGen      total 151552K, used 11856K [0x00000000d5e00000, 0x00000000e0500000, 0x0000000100000000)
  eden space 133120K, 0% used [0x00000000d5e00000,0x00000000d5e00000,0x00000000de000000)
  from space 18432K, 64% used [0x00000000df300000,0x00000000dfe94020,0x00000000e0500000)
  to   space 18944K, 0% used [0x00000000de000000,0x00000000de000000,0x00000000df280000)
 ParOldGen       total 87552K, used 43814K [0x0000000081a00000, 0x0000000086f80000, 0x00000000d5e00000)
  object space 87552K, 50% used [0x0000000081a00000,0x00000000844c9a80,0x0000000086f80000)
 Metaspace       used 7075K, capacity 7238K, committed 7552K, reserved 1056768K
  class space    used 711K, capacity 793K, committed 896K, reserved 1048576K
}
Event: 17.326 GC heap before
{Heap before GC invocations=7 (full 0):
 PSYoungGen      total 151552K, used 144976K [0x00000000d5e00000, 0x00000000e0500000, 0x0000000100000000)
  eden space 133120K, 100% used [0x00000000d5e00000,0x00000000de000000,0x00000000de000000)
  from space 18432K, 64% used [0x00000000df300000,0x00000000dfe94020,0x00000000e0500000)
  to   space 18944K, 0% used [0x00000000de000000,0x00000000de000000,0x00000000df280000)
 ParOldGen       total 87552K, used 43814K [0x0000000081a00000, 0x0000000086f80000, 0x00000000d5e00000)
  object space 87552K, 50% used [0x0000000081a00000,0x00000000844c9a80,0x0000000086f80000)
 Metaspace       used 18245K, capacity 18425K, committed 18560K, reserved 1067008K
  class space    used 1763K, capacity 1832K, committed 1920K, reserved 1048576K
Event: 17.507 GC heap after
Heap after GC invocations=7 (full 0):
 PSYoungGen      total 152064K, used 18930K [0x00000000d5e00000, 0x00000000e9700000, 0x0000000100000000)
  eden space 133120K, 0% used [0x00000000d5e00000,0x00000000d5e00000,0x00000000de000000)
  from space 18944K, 99% used [0x00000000de000000,0x00000000df27c9a0,0x00000000df280000)
  to   space 27136K, 0% used [0x00000000e7c80000,0x00000000e7c80000,0x00000000e9700000)
 ParOldGen       total 87552K, used 55583K [0x0000000081a00000, 0x0000000086f80000, 0x00000000d5e00000)
  object space 87552K, 63% used [0x0000000081a00000,0x0000000085047d68,0x0000000086f80000)
 Metaspace       used 18245K, capacity 18425K, committed 18560K, reserved 1067008K
  class space    used 1763K, capacity 1832K, committed 1920K, reserved 1048576K
}

